Using pre-set license
Built from '2020.3/staging' branch; Version is '2020.3.6f1 (338bb68529b2) revision 3378102'; Using compiler version '192528614'; Build Type 'Release'
OS: 'Windows 10 Home; OS build 19043.1348; Version 2009; 64bit' Language: 'en' Physical Memory: 8077 MB
BatchMode: 1, IsHumanControllingUs: 0, StartBugReporterOnCrash: 0, Is64bit: 1, IsPro: 0

 COMMAND LINE ARGUMENTS:
C:\Program Files\Unity\Hub\Editor\2020.3.6f1\Editor\Unity.exe
-adb2
-batchMode
-noUpm
-name
AssetImportWorker2
-projectPath
E:/Current Projects/AR Game/AR_Game/Super GO Battle!
-logFile
Logs/AssetImportWorker2.log
-srvPort
65534
Successfully changed project path to: E:/Current Projects/AR Game/AR_Game/Super GO Battle!
E:/Current Projects/AR Game/AR_Game/Super GO Battle!
Using Asset Import Pipeline V2.
Refreshing native plugins compatible for Editor in 73.39 ms, found 0 plugins.
Preloading 0 native plugins for Editor in 0.00 ms.
Initialize engine version: 2020.3.6f1 (338bb68529b2)
[Subsystems] Discovering subsystems at path C:/Program Files/Unity/Hub/Editor/2020.3.6f1/Editor/Data/Resources/UnitySubsystems
[Subsystems] Discovering subsystems at path E:/Current Projects/AR Game/AR_Game/Super GO Battle!/Assets
GfxDevice: creating device client; threaded=0
Direct3D:
    Version:  Direct3D 11.0 [level 11.1]
    Renderer: NVIDIA GeForce GTX 1060 (ID=0x1c20)
    Vendor:   
    VRAM:     2987 MB
    Driver:   30.0.14.9676
Initialize mono
Mono path[0] = 'C:/Program Files/Unity/Hub/Editor/2020.3.6f1/Editor/Data/Managed'
Mono path[1] = 'C:/Program Files/Unity/Hub/Editor/2020.3.6f1/Editor/Data/MonoBleedingEdge/lib/mono/unityjit'
Mono config path = 'C:/Program Files/Unity/Hub/Editor/2020.3.6f1/Editor/Data/MonoBleedingEdge/etc'
Using monoOptions --debugger-agent=transport=dt_socket,embedding=1,server=y,suspend=n,address=127.0.0.1:56764
Begin MonoManager ReloadAssembly
Registering precompiled unity dll's ...
Register platform support module: C:/Program Files/Unity/Hub/Editor/2020.3.6f1/Editor/Data/PlaybackEngines/WindowsStandaloneSupport/UnityEditor.WindowsStandalone.Extensions.dll
Registered in 0.002695 seconds.
Native extension for WindowsStandalone target not found
Refreshing native plugins compatible for Editor in 45.65 ms, found 0 plugins.
Preloading 0 native plugins for Editor in 0.00 ms.
Mono: successfully reloaded assembly
- Completed reload, in  2.621 seconds
Platform modules already initialized, skipping
Registering precompiled user dll's ...
Registered in 0.006822 seconds.
Begin MonoManager ReloadAssembly
Native extension for WindowsStandalone target not found
Refreshing native plugins compatible for Editor in 0.59 ms, found 0 plugins.
Preloading 0 native plugins for Editor in 0.00 ms.
Mono: successfully reloaded assembly
- Completed reload, in  4.289 seconds
Platform modules already initialized, skipping
========================================================================
Worker process is ready to serve import requests
Launched and connected shader compiler UnityShaderCompiler.exe after 0.07 seconds
Refreshing native plugins compatible for Editor in 0.57 ms, found 0 plugins.
Preloading 0 native plugins for Editor in 0.00 ms.
Unloading 1862 Unused Serialized files (Serialized files now loaded: 0)
System memory in use before: 105.3 MB.
System memory in use after: 105.4 MB.

Unloading 34 unused Assets to reduce memory usage. Loaded Objects now: 2316.
Total: 2.959200 ms (FindLiveObjects: 0.394500 ms CreateObjectMapping: 0.439700 ms MarkObjects: 2.088400 ms  DeleteObjects: 0.035100 ms)

========================================================================
Received Import Request.
  path: Assets/ARRealismDemos/Collider/Scripts/DepthMeshCollider.cs
  artifactKey: Guid(e551b47dfdb154f2db3d59fc3ddc06e8) Importer(815301076,1909f56bfc062723c751e8b465ee728b)
Start importing Assets/ARRealismDemos/Collider/Scripts/DepthMeshCollider.cs using Guid(e551b47dfdb154f2db3d59fc3ddc06e8) Importer(815301076,1909f56bfc062723c751e8b465ee728b)  -> (artifact id: '4a61daec41b13a0b3063b7652610782b') in 0.054731 seconds
  Import took 0.059543 seconds .

========================================================================
Received Import Request.
  Time since last request: 0.746271 seconds.
  path: Assets/Scripts/AR/Attack Attributes/ProjectileScript.cs
  artifactKey: Guid(a2d07c20155e65a4cbef5b335e43d2cb) Importer(815301076,1909f56bfc062723c751e8b465ee728b)
Start importing Assets/Scripts/AR/Attack Attributes/ProjectileScript.cs using Guid(a2d07c20155e65a4cbef5b335e43d2cb) Importer(815301076,1909f56bfc062723c751e8b465ee728b)  -> (artifact id: '9e8f840d7f1830424790748b444f544e') in 0.020036 seconds
  Import took 0.028040 seconds .

========================================================================
Received Import Request.
  Time since last request: 0.457323 seconds.
  path: Assets/Scripts/AR/PlayerScript.cs
  artifactKey: Guid(1f0971012f94fa545bbf3d6793df983f) Importer(815301076,1909f56bfc062723c751e8b465ee728b)
Start importing Assets/Scripts/AR/PlayerScript.cs using Guid(1f0971012f94fa545bbf3d6793df983f) Importer(815301076,1909f56bfc062723c751e8b465ee728b)  -> (artifact id: '509c3ba44df66d66f898b1305e9974bc') in 0.015015 seconds
  Import took 0.022444 seconds .

========================================================================
Received Import Request.
  Time since last request: 0.347443 seconds.
  path: Assets/Scripts/AR/Tutorial.controller
  artifactKey: Guid(3d96dd323a205e447b89afc3ee2f7701) Importer(815301076,1909f56bfc062723c751e8b465ee728b)
Start importing Assets/Scripts/AR/Tutorial.controller using Guid(3d96dd323a205e447b89afc3ee2f7701) Importer(815301076,1909f56bfc062723c751e8b465ee728b) SendMessage cannot be called during Awake, CheckConsistency, or OnValidate

 -> (artifact id: '9c9902f1e2834bb22647dade71e618e8') in 0.044706 seconds
  Import took 0.049956 seconds .

